<?xml version="1.0" encoding="UTF-8"?>
<!-- Generated by org.testng.reporters.JUnitReportReporter -->
<testsuite hostname="BNG-INA421YFBQ" name="neogrowth.test.loginNG" tests="1" failures="0" timestamp="24 Jul 2018 11:47:34 GMT" time="7.854" errors="0">
  <testcase name="test" time="7.854" classname="neogrowth.test.loginNG"/>
</testsuite> <!-- neogrowth.test.loginNG -->
